[2016-12-06 00:55:26] production.ERROR: exception 'ReflectionException' with message 'Class CrawlerSebrae does not exist' in C:\wamp64\www\crawler\bootstrap\compiled.php:235
Stack trace:
#0 C:\wamp64\www\crawler\bootstrap\compiled.php(235): ReflectionClass->__construct('CrawlerSebrae')
#1 C:\wamp64\www\crawler\bootstrap\compiled.php(205): Illuminate\Container\Container->build('CrawlerSebrae', Array)
#2 C:\wamp64\www\crawler\bootstrap\compiled.php(565): Illuminate\Container\Container->make('CrawlerSebrae', Array)
#3 C:\wamp64\www\crawler\bootstrap\compiled.php(3814): Illuminate\Foundation\Application->make('CrawlerSebrae')
#4 C:\wamp64\www\crawler\bootstrap\compiled.php(3803): Illuminate\Routing\ControllerDispatcher->makeController('CrawlerSebrae')
#5 C:\wamp64\www\crawler\bootstrap\compiled.php(3012): Illuminate\Routing\ControllerDispatcher->dispatch(Object(Illuminate\Routing\Route), Object(Illuminate\Http\Request), 'CrawlerSebrae', 'crawl')
#6 [internal function]: Illuminate\Routing\Router->Illuminate\Routing\{closure}()
#7 C:\wamp64\www\crawler\bootstrap\compiled.php(3370): call_user_func_array(Object(Closure), Array)
#8 C:\wamp64\www\crawler\bootstrap\compiled.php(3037): Illuminate\Routing\Route->run(Object(Illuminate\Http\Request))
#9 C:\wamp64\www\crawler\bootstrap\compiled.php(3025): Illuminate\Routing\Router->dispatchToRoute(Object(Illuminate\Http\Request))
#10 C:\wamp64\www\crawler\bootstrap\compiled.php(702): Illuminate\Routing\Router->dispatch(Object(Illuminate\Http\Request))
#11 C:\wamp64\www\crawler\bootstrap\compiled.php(678): Illuminate\Foundation\Application->dispatch(Object(Illuminate\Http\Request))
#12 C:\wamp64\www\crawler\bootstrap\compiled.php(5797): Illuminate\Foundation\Application->handle(Object(Illuminate\Http\Request), 1, true)
#13 C:\wamp64\www\crawler\bootstrap\compiled.php(6404): Illuminate\Session\Middleware->handle(Object(Illuminate\Http\Request), 1, true)
#14 C:\wamp64\www\crawler\bootstrap\compiled.php(6351): Illuminate\Cookie\Queue->handle(Object(Illuminate\Http\Request), 1, true)
#15 C:\wamp64\www\crawler\bootstrap\compiled.php(8367): Illuminate\Cookie\Guard->handle(Object(Illuminate\Http\Request), 1, true)
#16 C:\wamp64\www\crawler\bootstrap\compiled.php(639): Stack\StackedHttpKernel->handle(Object(Illuminate\Http\Request))
#17 C:\wamp64\www\crawler\public\index.php(49): Illuminate\Foundation\Application->run()
#18 {main} [] []
[2016-12-06 00:55:58] production.ERROR: exception 'ReflectionException' with message 'Class CrawlerSebrae does not exist' in C:\wamp64\www\crawler\bootstrap\compiled.php:235
Stack trace:
#0 C:\wamp64\www\crawler\bootstrap\compiled.php(235): ReflectionClass->__construct('CrawlerSebrae')
#1 C:\wamp64\www\crawler\bootstrap\compiled.php(205): Illuminate\Container\Container->build('CrawlerSebrae', Array)
#2 C:\wamp64\www\crawler\bootstrap\compiled.php(565): Illuminate\Container\Container->make('CrawlerSebrae', Array)
#3 C:\wamp64\www\crawler\bootstrap\compiled.php(3814): Illuminate\Foundation\Application->make('CrawlerSebrae')
#4 C:\wamp64\www\crawler\bootstrap\compiled.php(3803): Illuminate\Routing\ControllerDispatcher->makeController('CrawlerSebrae')
#5 C:\wamp64\www\crawler\bootstrap\compiled.php(3012): Illuminate\Routing\ControllerDispatcher->dispatch(Object(Illuminate\Routing\Route), Object(Illuminate\Http\Request), 'CrawlerSebrae', 'crawl')
#6 [internal function]: Illuminate\Routing\Router->Illuminate\Routing\{closure}()
#7 C:\wamp64\www\crawler\bootstrap\compiled.php(3370): call_user_func_array(Object(Closure), Array)
#8 C:\wamp64\www\crawler\bootstrap\compiled.php(3037): Illuminate\Routing\Route->run(Object(Illuminate\Http\Request))
#9 C:\wamp64\www\crawler\bootstrap\compiled.php(3025): Illuminate\Routing\Router->dispatchToRoute(Object(Illuminate\Http\Request))
#10 C:\wamp64\www\crawler\bootstrap\compiled.php(702): Illuminate\Routing\Router->dispatch(Object(Illuminate\Http\Request))
#11 C:\wamp64\www\crawler\bootstrap\compiled.php(678): Illuminate\Foundation\Application->dispatch(Object(Illuminate\Http\Request))
#12 C:\wamp64\www\crawler\bootstrap\compiled.php(5797): Illuminate\Foundation\Application->handle(Object(Illuminate\Http\Request), 1, true)
#13 C:\wamp64\www\crawler\bootstrap\compiled.php(6404): Illuminate\Session\Middleware->handle(Object(Illuminate\Http\Request), 1, true)
#14 C:\wamp64\www\crawler\bootstrap\compiled.php(6351): Illuminate\Cookie\Queue->handle(Object(Illuminate\Http\Request), 1, true)
#15 C:\wamp64\www\crawler\bootstrap\compiled.php(8367): Illuminate\Cookie\Guard->handle(Object(Illuminate\Http\Request), 1, true)
#16 C:\wamp64\www\crawler\bootstrap\compiled.php(639): Stack\StackedHttpKernel->handle(Object(Illuminate\Http\Request))
#17 C:\wamp64\www\crawler\public\index.php(49): Illuminate\Foundation\Application->run()
#18 {main} [] []
[2016-12-06 00:57:00] production.ERROR: exception 'ReflectionException' with message 'Class CrawlerSebrae does not exist' in C:\wamp64\www\crawler\bootstrap\compiled.php:235
Stack trace:
#0 C:\wamp64\www\crawler\bootstrap\compiled.php(235): ReflectionClass->__construct('CrawlerSebrae')
#1 C:\wamp64\www\crawler\bootstrap\compiled.php(205): Illuminate\Container\Container->build('CrawlerSebrae', Array)
#2 C:\wamp64\www\crawler\bootstrap\compiled.php(565): Illuminate\Container\Container->make('CrawlerSebrae', Array)
#3 C:\wamp64\www\crawler\bootstrap\compiled.php(3814): Illuminate\Foundation\Application->make('CrawlerSebrae')
#4 C:\wamp64\www\crawler\bootstrap\compiled.php(3803): Illuminate\Routing\ControllerDispatcher->makeController('CrawlerSebrae')
#5 C:\wamp64\www\crawler\bootstrap\compiled.php(3012): Illuminate\Routing\ControllerDispatcher->dispatch(Object(Illuminate\Routing\Route), Object(Illuminate\Http\Request), 'CrawlerSebrae', 'crawl')
#6 [internal function]: Illuminate\Routing\Router->Illuminate\Routing\{closure}()
#7 C:\wamp64\www\crawler\bootstrap\compiled.php(3370): call_user_func_array(Object(Closure), Array)
#8 C:\wamp64\www\crawler\bootstrap\compiled.php(3037): Illuminate\Routing\Route->run(Object(Illuminate\Http\Request))
#9 C:\wamp64\www\crawler\bootstrap\compiled.php(3025): Illuminate\Routing\Router->dispatchToRoute(Object(Illuminate\Http\Request))
#10 C:\wamp64\www\crawler\bootstrap\compiled.php(702): Illuminate\Routing\Router->dispatch(Object(Illuminate\Http\Request))
#11 C:\wamp64\www\crawler\bootstrap\compiled.php(678): Illuminate\Foundation\Application->dispatch(Object(Illuminate\Http\Request))
#12 C:\wamp64\www\crawler\bootstrap\compiled.php(5797): Illuminate\Foundation\Application->handle(Object(Illuminate\Http\Request), 1, true)
#13 C:\wamp64\www\crawler\bootstrap\compiled.php(6404): Illuminate\Session\Middleware->handle(Object(Illuminate\Http\Request), 1, true)
#14 C:\wamp64\www\crawler\bootstrap\compiled.php(6351): Illuminate\Cookie\Queue->handle(Object(Illuminate\Http\Request), 1, true)
#15 C:\wamp64\www\crawler\bootstrap\compiled.php(8367): Illuminate\Cookie\Guard->handle(Object(Illuminate\Http\Request), 1, true)
#16 C:\wamp64\www\crawler\bootstrap\compiled.php(639): Stack\StackedHttpKernel->handle(Object(Illuminate\Http\Request))
#17 C:\wamp64\www\crawler\public\index.php(49): Illuminate\Foundation\Application->run()
#18 {main} [] []
[2016-12-06 00:57:42] production.ERROR: exception 'Symfony\Component\Debug\Exception\FatalErrorException' with message 'syntax error, unexpected 'finder' (T_STRING), expecting variable (T_VARIABLE)' in C:\wamp64\www\crawler\app\controllers\Crawler.php:6
Stack trace:
#0 [internal function]: Illuminate\Exception\Handler->handleShutdown()
#1 {main} [] []
[2016-12-06 00:58:13] production.ERROR: exception 'Symfony\Component\Debug\Exception\FatalErrorException' with message 'Class Crawler contains 1 abstract method and must therefore be declared abstract or implement the remaining methods (Crawler::crawl)' in C:\wamp64\www\crawler\app\controllers\Crawler.php:23
Stack trace:
#0 [internal function]: Illuminate\Exception\Handler->handleShutdown()
#1 {main} [] []
[2016-12-06 00:58:38] production.ERROR: exception 'Symfony\Component\Debug\Exception\FatalErrorException' with message 'Call to undefined method CrawlerSebrae::getAfterFilters()' in C:\wamp64\www\crawler\bootstrap\compiled.php:3834
Stack trace:
#0 [internal function]: Illuminate\Exception\Handler->handleShutdown()
#1 {main} [] []
[2016-12-06 00:59:06] production.ERROR: exception 'Symfony\Component\Debug\Exception\FatalErrorException' with message 'Call to undefined method CrawlerSebrae::getAfterFilters()' in C:\wamp64\www\crawler\bootstrap\compiled.php:3834
Stack trace:
#0 [internal function]: Illuminate\Exception\Handler->handleShutdown()
#1 {main} [] []
[2016-12-06 01:01:35] production.ERROR: exception 'Symfony\Component\Debug\Exception\FatalErrorException' with message 'Class 'CrawlerControllerAbstract' not found' in C:\wamp64\www\crawler\app\controllers\CrawlerSebrae.php:4
Stack trace:
#0 [internal function]: Illuminate\Exception\Handler->handleShutdown()
#1 {main} [] []
[2016-12-06 01:02:04] production.ERROR: exception 'ReflectionException' with message 'Class CrawlerSebrae does not exist' in C:\wamp64\www\crawler\bootstrap\compiled.php:235
Stack trace:
#0 C:\wamp64\www\crawler\bootstrap\compiled.php(235): ReflectionClass->__construct('CrawlerSebrae')
#1 C:\wamp64\www\crawler\bootstrap\compiled.php(205): Illuminate\Container\Container->build('CrawlerSebrae', Array)
#2 C:\wamp64\www\crawler\bootstrap\compiled.php(565): Illuminate\Container\Container->make('CrawlerSebrae', Array)
#3 C:\wamp64\www\crawler\bootstrap\compiled.php(3814): Illuminate\Foundation\Application->make('CrawlerSebrae')
#4 C:\wamp64\www\crawler\bootstrap\compiled.php(3803): Illuminate\Routing\ControllerDispatcher->makeController('CrawlerSebrae')
#5 C:\wamp64\www\crawler\bootstrap\compiled.php(3012): Illuminate\Routing\ControllerDispatcher->dispatch(Object(Illuminate\Routing\Route), Object(Illuminate\Http\Request), 'CrawlerSebrae', 'crawl')
#6 [internal function]: Illuminate\Routing\Router->Illuminate\Routing\{closure}()
#7 C:\wamp64\www\crawler\bootstrap\compiled.php(3370): call_user_func_array(Object(Closure), Array)
#8 C:\wamp64\www\crawler\bootstrap\compiled.php(3037): Illuminate\Routing\Route->run(Object(Illuminate\Http\Request))
#9 C:\wamp64\www\crawler\bootstrap\compiled.php(3025): Illuminate\Routing\Router->dispatchToRoute(Object(Illuminate\Http\Request))
#10 C:\wamp64\www\crawler\bootstrap\compiled.php(702): Illuminate\Routing\Router->dispatch(Object(Illuminate\Http\Request))
#11 C:\wamp64\www\crawler\bootstrap\compiled.php(678): Illuminate\Foundation\Application->dispatch(Object(Illuminate\Http\Request))
#12 C:\wamp64\www\crawler\bootstrap\compiled.php(5797): Illuminate\Foundation\Application->handle(Object(Illuminate\Http\Request), 1, true)
#13 C:\wamp64\www\crawler\bootstrap\compiled.php(6404): Illuminate\Session\Middleware->handle(Object(Illuminate\Http\Request), 1, true)
#14 C:\wamp64\www\crawler\bootstrap\compiled.php(6351): Illuminate\Cookie\Queue->handle(Object(Illuminate\Http\Request), 1, true)
#15 C:\wamp64\www\crawler\bootstrap\compiled.php(8367): Illuminate\Cookie\Guard->handle(Object(Illuminate\Http\Request), 1, true)
#16 C:\wamp64\www\crawler\bootstrap\compiled.php(639): Stack\StackedHttpKernel->handle(Object(Illuminate\Http\Request))
#17 C:\wamp64\www\crawler\public\index.php(49): Illuminate\Foundation\Application->run()
#18 {main} [] []
[2016-12-06 01:30:32] production.ERROR: exception 'ErrorException' with message 'Undefined property: DOMNodeList::$nodeValue' in C:\wamp64\www\crawler\app\controllers\CrawlerSebraeController.php:27
Stack trace:
#0 C:\wamp64\www\crawler\app\controllers\CrawlerSebraeController.php(27): Illuminate\Exception\Handler->handleError(8, 'Undefined prope...', 'C:\\wamp64\\www\\c...', 27, Array)
#1 [internal function]: CrawlerSebraeController->crawl()
#2 C:\wamp64\www\crawler\vendor\laravel\framework\src\Illuminate\Routing\Controller.php(231): call_user_func_array(Array, Array)
#3 C:\wamp64\www\crawler\bootstrap\compiled.php(3819): Illuminate\Routing\Controller->callAction('crawl', Array)
#4 C:\wamp64\www\crawler\bootstrap\compiled.php(3807): Illuminate\Routing\ControllerDispatcher->call(Object(CrawlerSebraeController), Object(Illuminate\Routing\Route), 'crawl')
#5 C:\wamp64\www\crawler\bootstrap\compiled.php(3012): Illuminate\Routing\ControllerDispatcher->dispatch(Object(Illuminate\Routing\Route), Object(Illuminate\Http\Request), 'CrawlerSebraeCo...', 'crawl')
#6 [internal function]: Illuminate\Routing\Router->Illuminate\Routing\{closure}()
#7 C:\wamp64\www\crawler\bootstrap\compiled.php(3370): call_user_func_array(Object(Closure), Array)
#8 C:\wamp64\www\crawler\bootstrap\compiled.php(3037): Illuminate\Routing\Route->run(Object(Illuminate\Http\Request))
#9 C:\wamp64\www\crawler\bootstrap\compiled.php(3025): Illuminate\Routing\Router->dispatchToRoute(Object(Illuminate\Http\Request))
#10 C:\wamp64\www\crawler\bootstrap\compiled.php(702): Illuminate\Routing\Router->dispatch(Object(Illuminate\Http\Request))
#11 C:\wamp64\www\crawler\bootstrap\compiled.php(678): Illuminate\Foundation\Application->dispatch(Object(Illuminate\Http\Request))
#12 C:\wamp64\www\crawler\bootstrap\compiled.php(5797): Illuminate\Foundation\Application->handle(Object(Illuminate\Http\Request), 1, true)
#13 C:\wamp64\www\crawler\bootstrap\compiled.php(6404): Illuminate\Session\Middleware->handle(Object(Illuminate\Http\Request), 1, true)
#14 C:\wamp64\www\crawler\bootstrap\compiled.php(6351): Illuminate\Cookie\Queue->handle(Object(Illuminate\Http\Request), 1, true)
#15 C:\wamp64\www\crawler\bootstrap\compiled.php(8367): Illuminate\Cookie\Guard->handle(Object(Illuminate\Http\Request), 1, true)
#16 C:\wamp64\www\crawler\bootstrap\compiled.php(639): Stack\StackedHttpKernel->handle(Object(Illuminate\Http\Request))
#17 C:\wamp64\www\crawler\public\index.php(49): Illuminate\Foundation\Application->run()
#18 {main} [] []
[2016-12-06 01:36:26] production.ERROR: exception 'ErrorException' with message 'array_shift() expects parameter 1 to be array, object given' in C:\wamp64\www\crawler\app\controllers\CrawlerSebraeController.php:32
Stack trace:
#0 [internal function]: Illuminate\Exception\Handler->handleError(2, 'array_shift() e...', 'C:\\wamp64\\www\\c...', 32, Array)
#1 C:\wamp64\www\crawler\app\controllers\CrawlerSebraeController.php(32): array_shift(Object(DOMNodeList))
#2 [internal function]: CrawlerSebraeController->crawl()
#3 C:\wamp64\www\crawler\vendor\laravel\framework\src\Illuminate\Routing\Controller.php(231): call_user_func_array(Array, Array)
#4 C:\wamp64\www\crawler\bootstrap\compiled.php(3819): Illuminate\Routing\Controller->callAction('crawl', Array)
#5 C:\wamp64\www\crawler\bootstrap\compiled.php(3807): Illuminate\Routing\ControllerDispatcher->call(Object(CrawlerSebraeController), Object(Illuminate\Routing\Route), 'crawl')
#6 C:\wamp64\www\crawler\bootstrap\compiled.php(3012): Illuminate\Routing\ControllerDispatcher->dispatch(Object(Illuminate\Routing\Route), Object(Illuminate\Http\Request), 'CrawlerSebraeCo...', 'crawl')
#7 [internal function]: Illuminate\Routing\Router->Illuminate\Routing\{closure}()
#8 C:\wamp64\www\crawler\bootstrap\compiled.php(3370): call_user_func_array(Object(Closure), Array)
#9 C:\wamp64\www\crawler\bootstrap\compiled.php(3037): Illuminate\Routing\Route->run(Object(Illuminate\Http\Request))
#10 C:\wamp64\www\crawler\bootstrap\compiled.php(3025): Illuminate\Routing\Router->dispatchToRoute(Object(Illuminate\Http\Request))
#11 C:\wamp64\www\crawler\bootstrap\compiled.php(702): Illuminate\Routing\Router->dispatch(Object(Illuminate\Http\Request))
#12 C:\wamp64\www\crawler\bootstrap\compiled.php(678): Illuminate\Foundation\Application->dispatch(Object(Illuminate\Http\Request))
#13 C:\wamp64\www\crawler\bootstrap\compiled.php(5797): Illuminate\Foundation\Application->handle(Object(Illuminate\Http\Request), 1, true)
#14 C:\wamp64\www\crawler\bootstrap\compiled.php(6404): Illuminate\Session\Middleware->handle(Object(Illuminate\Http\Request), 1, true)
#15 C:\wamp64\www\crawler\bootstrap\compiled.php(6351): Illuminate\Cookie\Queue->handle(Object(Illuminate\Http\Request), 1, true)
#16 C:\wamp64\www\crawler\bootstrap\compiled.php(8367): Illuminate\Cookie\Guard->handle(Object(Illuminate\Http\Request), 1, true)
#17 C:\wamp64\www\crawler\bootstrap\compiled.php(639): Stack\StackedHttpKernel->handle(Object(Illuminate\Http\Request))
#18 C:\wamp64\www\crawler\public\index.php(49): Illuminate\Foundation\Application->run()
#19 {main} [] []
[2016-12-06 01:39:40] production.ERROR: exception 'Symfony\Component\Debug\Exception\FatalErrorException' with message 'Class 'models\Bidding' not found' in C:\wamp64\www\crawler\app\controllers\CrawlerSebraeController.php:35
Stack trace:
#0 [internal function]: Illuminate\Exception\Handler->handleShutdown()
#1 {main} [] []
[2016-12-06 01:42:31] production.ERROR: exception 'Symfony\Component\Debug\Exception\FatalErrorException' with message 'Class 'Model\Bidding' not found' in C:\wamp64\www\crawler\app\controllers\CrawlerSebraeController.php:35
Stack trace:
#0 [internal function]: Illuminate\Exception\Handler->handleShutdown()
#1 {main} [] []
[2016-12-06 01:44:06] production.ERROR: exception 'Symfony\Component\Debug\Exception\FatalErrorException' with message 'Class 'models\Bidding' not found' in C:\wamp64\www\crawler\app\controllers\CrawlerSebraeController.php:35
Stack trace:
#0 [internal function]: Illuminate\Exception\Handler->handleShutdown()
#1 {main} [] []
[2016-12-06 01:49:50] production.ERROR: exception 'Symfony\Component\Debug\Exception\FatalErrorException' with message 'Class 'App\Models\Bidding' not found' in C:\wamp64\www\crawler\app\controllers\CrawlerSebraeController.php:35
Stack trace:
#0 [internal function]: Illuminate\Exception\Handler->handleShutdown()
#1 {main} [] []
[2016-12-06 01:51:36] production.ERROR: exception 'Symfony\Component\Debug\Exception\FatalErrorException' with message 'Class 'app\models\Bidding' not found' in C:\wamp64\www\crawler\app\controllers\CrawlerSebraeController.php:35
Stack trace:
#0 [internal function]: Illuminate\Exception\Handler->handleShutdown()
#1 {main} [] []
[2016-12-06 01:58:03] production.ERROR: exception 'Symfony\Component\Debug\Exception\FatalErrorException' with message 'Call to undefined function view()' in C:\wamp64\www\crawler\app\controllers\CrawlerSebraeController.php:38
Stack trace:
#0 [internal function]: Illuminate\Exception\Handler->handleShutdown()
#1 {main} [] []
[2016-12-06 01:58:56] production.ERROR: exception 'Symfony\Component\Debug\Exception\FatalErrorException' with message 'Call to undefined function view()' in C:\wamp64\www\crawler\app\controllers\CrawlerSebraeController.php:39
Stack trace:
#0 [internal function]: Illuminate\Exception\Handler->handleShutdown()
#1 {main} [] []
[2016-12-06 02:05:44] production.ERROR: exception 'ErrorException' with message 'Object of class app\models\Bidding could not be converted to string' in C:\wamp64\www\crawler\app\views\crawler.php:7
Stack trace:
#0 C:\wamp64\www\crawler\app\views\crawler.php(7): Illuminate\Exception\Handler->handleError(4096, 'Object of class...', 'C:\\wamp64\\www\\c...', 7, Array)
#1 C:\wamp64\www\crawler\bootstrap\compiled.php(7955): include('C:\\wamp64\\www\\c...')
#2 C:\wamp64\www\crawler\bootstrap\compiled.php(7947): Illuminate\View\Engines\PhpEngine->evaluatePath('C:\\wamp64\\www\\c...', Array)
#3 C:\wamp64\www\crawler\bootstrap\compiled.php(7833): Illuminate\View\Engines\PhpEngine->get('C:\\wamp64\\www\\c...', Array)
#4 C:\wamp64\www\crawler\bootstrap\compiled.php(7820): Illuminate\View\View->getContents()
#5 C:\wamp64\www\crawler\bootstrap\compiled.php(7807): Illuminate\View\View->renderContents()
#6 C:\wamp64\www\crawler\bootstrap\compiled.php(8003): Illuminate\View\View->render()
#7 C:\wamp64\www\crawler\vendor\symfony\http-foundation\Response.php(202): Illuminate\Http\Response->setContent(Object(Illuminate\View\View))
#8 C:\wamp64\www\crawler\bootstrap\compiled.php(3230): Symfony\Component\HttpFoundation\Response->__construct(Object(Illuminate\View\View))
#9 C:\wamp64\www\crawler\bootstrap\compiled.php(3039): Illuminate\Routing\Router->prepareResponse(Object(Illuminate\Http\Request), Object(Illuminate\View\View))
#10 C:\wamp64\www\crawler\bootstrap\compiled.php(3025): Illuminate\Routing\Router->dispatchToRoute(Object(Illuminate\Http\Request))
#11 C:\wamp64\www\crawler\bootstrap\compiled.php(702): Illuminate\Routing\Router->dispatch(Object(Illuminate\Http\Request))
#12 C:\wamp64\www\crawler\bootstrap\compiled.php(678): Illuminate\Foundation\Application->dispatch(Object(Illuminate\Http\Request))
#13 C:\wamp64\www\crawler\bootstrap\compiled.php(5797): Illuminate\Foundation\Application->handle(Object(Illuminate\Http\Request), 1, true)
#14 C:\wamp64\www\crawler\bootstrap\compiled.php(6404): Illuminate\Session\Middleware->handle(Object(Illuminate\Http\Request), 1, true)
#15 C:\wamp64\www\crawler\bootstrap\compiled.php(6351): Illuminate\Cookie\Queue->handle(Object(Illuminate\Http\Request), 1, true)
#16 C:\wamp64\www\crawler\bootstrap\compiled.php(8367): Illuminate\Cookie\Guard->handle(Object(Illuminate\Http\Request), 1, true)
#17 C:\wamp64\www\crawler\bootstrap\compiled.php(639): Stack\StackedHttpKernel->handle(Object(Illuminate\Http\Request))
#18 C:\wamp64\www\crawler\public\index.php(49): Illuminate\Foundation\Application->run()
#19 {main} [] []
[2016-12-06 02:06:21] production.ERROR: exception 'Symfony\Component\Debug\Exception\FatalErrorException' with message 'Cannot access empty property' in C:\wamp64\www\crawler\app\models\Bidding.php:18
Stack trace:
#0 [internal function]: Illuminate\Exception\Handler->handleShutdown()
#1 {main} [] []
[2016-12-06 02:06:42] production.ERROR: exception 'Symfony\Component\Debug\Exception\FatalErrorException' with message 'Cannot access empty property' in C:\wamp64\www\crawler\app\models\Bidding.php:18
Stack trace:
#0 [internal function]: Illuminate\Exception\Handler->handleShutdown()
#1 {main} [] []
[2016-12-06 04:55:28] production.ERROR: exception 'Symfony\Component\Debug\Exception\FatalErrorException' with message 'Class CrawlerSebraeController contains 1 abstract method and must therefore be declared abstract or implement the remaining methods (CrawlerControllerAbstract::changePage)' in C:\wamp64\www\crawler\app\controllers\CrawlerSebraeController.php:6
Stack trace:
#0 [internal function]: Illuminate\Exception\Handler->handleShutdown()
#1 {main} [] []
[2016-12-06 05:29:54] production.ERROR: exception 'Symfony\Component\HttpKernel\Exception\NotFoundHttpException' in C:\wamp64\www\crawler\bootstrap\compiled.php:3723
Stack trace:
#0 C:\wamp64\www\crawler\bootstrap\compiled.php(3045): Illuminate\Routing\RouteCollection->match(Object(Illuminate\Http\Request))
#1 C:\wamp64\www\crawler\bootstrap\compiled.php(3033): Illuminate\Routing\Router->findRoute(Object(Illuminate\Http\Request))
#2 C:\wamp64\www\crawler\bootstrap\compiled.php(3025): Illuminate\Routing\Router->dispatchToRoute(Object(Illuminate\Http\Request))
#3 C:\wamp64\www\crawler\bootstrap\compiled.php(702): Illuminate\Routing\Router->dispatch(Object(Illuminate\Http\Request))
#4 C:\wamp64\www\crawler\bootstrap\compiled.php(678): Illuminate\Foundation\Application->dispatch(Object(Illuminate\Http\Request))
#5 C:\wamp64\www\crawler\bootstrap\compiled.php(5797): Illuminate\Foundation\Application->handle(Object(Illuminate\Http\Request), 1, true)
#6 C:\wamp64\www\crawler\bootstrap\compiled.php(6404): Illuminate\Session\Middleware->handle(Object(Illuminate\Http\Request), 1, true)
#7 C:\wamp64\www\crawler\bootstrap\compiled.php(6351): Illuminate\Cookie\Queue->handle(Object(Illuminate\Http\Request), 1, true)
#8 C:\wamp64\www\crawler\bootstrap\compiled.php(8367): Illuminate\Cookie\Guard->handle(Object(Illuminate\Http\Request), 1, true)
#9 C:\wamp64\www\crawler\bootstrap\compiled.php(639): Stack\StackedHttpKernel->handle(Object(Illuminate\Http\Request))
#10 C:\wamp64\www\crawler\public\index.php(49): Illuminate\Foundation\Application->run()
#11 {main} [] []
[2016-12-06 05:30:07] production.ERROR: exception 'Symfony\Component\Debug\Exception\FatalErrorException' with message 'Class 'app\models\SebraeBidding' not found' in C:\wamp64\www\crawler\app\controllers\CrawlerSebraeController.php:45
Stack trace:
#0 [internal function]: Illuminate\Exception\Handler->handleShutdown()
#1 {main} [] []
[2016-12-06 05:31:06] production.ERROR: exception 'InvalidArgumentException' with message 'View [crawler] not found.' in C:\wamp64\www\crawler\bootstrap\compiled.php:7581
Stack trace:
#0 C:\wamp64\www\crawler\bootstrap\compiled.php(7554): Illuminate\View\FileViewFinder->findInPaths('crawler', Array)
#1 C:\wamp64\www\crawler\vendor\laravel\framework\src\Illuminate\View\Factory.php(124): Illuminate\View\FileViewFinder->find('crawler')
#2 C:\wamp64\www\crawler\bootstrap\compiled.php(1452): Illuminate\View\Factory->make('crawler', Array)
#3 C:\wamp64\www\crawler\app\controllers\CrawlerGDFController.php(54): Illuminate\Support\Facades\Facade::__callStatic('make', Array)
#4 C:\wamp64\www\crawler\app\controllers\CrawlerGDFController.php(54): Illuminate\Support\Facades\View::make('crawler', Array)
#5 [internal function]: CrawlerGDFController->crawl()
#6 C:\wamp64\www\crawler\vendor\laravel\framework\src\Illuminate\Routing\Controller.php(231): call_user_func_array(Array, Array)
#7 C:\wamp64\www\crawler\bootstrap\compiled.php(3819): Illuminate\Routing\Controller->callAction('crawl', Array)
#8 C:\wamp64\www\crawler\bootstrap\compiled.php(3807): Illuminate\Routing\ControllerDispatcher->call(Object(CrawlerGDFController), Object(Illuminate\Routing\Route), 'crawl')
#9 C:\wamp64\www\crawler\bootstrap\compiled.php(3012): Illuminate\Routing\ControllerDispatcher->dispatch(Object(Illuminate\Routing\Route), Object(Illuminate\Http\Request), 'CrawlerGDFContr...', 'crawl')
#10 [internal function]: Illuminate\Routing\Router->Illuminate\Routing\{closure}()
#11 C:\wamp64\www\crawler\bootstrap\compiled.php(3370): call_user_func_array(Object(Closure), Array)
#12 C:\wamp64\www\crawler\bootstrap\compiled.php(3037): Illuminate\Routing\Route->run(Object(Illuminate\Http\Request))
#13 C:\wamp64\www\crawler\bootstrap\compiled.php(3025): Illuminate\Routing\Router->dispatchToRoute(Object(Illuminate\Http\Request))
#14 C:\wamp64\www\crawler\bootstrap\compiled.php(702): Illuminate\Routing\Router->dispatch(Object(Illuminate\Http\Request))
#15 C:\wamp64\www\crawler\bootstrap\compiled.php(678): Illuminate\Foundation\Application->dispatch(Object(Illuminate\Http\Request))
#16 C:\wamp64\www\crawler\bootstrap\compiled.php(5797): Illuminate\Foundation\Application->handle(Object(Illuminate\Http\Request), 1, true)
#17 C:\wamp64\www\crawler\bootstrap\compiled.php(6404): Illuminate\Session\Middleware->handle(Object(Illuminate\Http\Request), 1, true)
#18 C:\wamp64\www\crawler\bootstrap\compiled.php(6351): Illuminate\Cookie\Queue->handle(Object(Illuminate\Http\Request), 1, true)
#19 C:\wamp64\www\crawler\bootstrap\compiled.php(8367): Illuminate\Cookie\Guard->handle(Object(Illuminate\Http\Request), 1, true)
#20 C:\wamp64\www\crawler\bootstrap\compiled.php(639): Stack\StackedHttpKernel->handle(Object(Illuminate\Http\Request))
#21 C:\wamp64\www\crawler\public\index.php(49): Illuminate\Foundation\Application->run()
#22 {main} [] []
[2016-12-06 05:31:34] production.ERROR: exception 'Symfony\Component\Debug\Exception\FatalErrorException' with message 'Call to undefined method app\models\GDFBidding::getName()' in C:\wamp64\www\crawler\app\views\gdfCrawler.php:6
Stack trace:
#0 [internal function]: Illuminate\Exception\Handler->handleShutdown()
#1 {main} [] []
[2016-12-06 05:53:42] production.ERROR: exception 'ErrorException' with message 'Undefined variable: biddings' in C:\wamp64\www\crawler\app\controllers\CrawlerGDFController.php:57
Stack trace:
#0 C:\wamp64\www\crawler\app\controllers\CrawlerGDFController.php(57): Illuminate\Exception\Handler->handleError(8, 'Undefined varia...', 'C:\\wamp64\\www\\c...', 57, Array)
#1 [internal function]: CrawlerGDFController->crawl()
#2 C:\wamp64\www\crawler\vendor\laravel\framework\src\Illuminate\Routing\Controller.php(231): call_user_func_array(Array, Array)
#3 C:\wamp64\www\crawler\bootstrap\compiled.php(3819): Illuminate\Routing\Controller->callAction('crawl', Array)
#4 C:\wamp64\www\crawler\bootstrap\compiled.php(3807): Illuminate\Routing\ControllerDispatcher->call(Object(CrawlerGDFController), Object(Illuminate\Routing\Route), 'crawl')
#5 C:\wamp64\www\crawler\bootstrap\compiled.php(3012): Illuminate\Routing\ControllerDispatcher->dispatch(Object(Illuminate\Routing\Route), Object(Illuminate\Http\Request), 'CrawlerGDFContr...', 'crawl')
#6 [internal function]: Illuminate\Routing\Router->Illuminate\Routing\{closure}()
#7 C:\wamp64\www\crawler\bootstrap\compiled.php(3370): call_user_func_array(Object(Closure), Array)
#8 C:\wamp64\www\crawler\bootstrap\compiled.php(3037): Illuminate\Routing\Route->run(Object(Illuminate\Http\Request))
#9 C:\wamp64\www\crawler\bootstrap\compiled.php(3025): Illuminate\Routing\Router->dispatchToRoute(Object(Illuminate\Http\Request))
#10 C:\wamp64\www\crawler\bootstrap\compiled.php(702): Illuminate\Routing\Router->dispatch(Object(Illuminate\Http\Request))
#11 C:\wamp64\www\crawler\bootstrap\compiled.php(678): Illuminate\Foundation\Application->dispatch(Object(Illuminate\Http\Request))
#12 C:\wamp64\www\crawler\bootstrap\compiled.php(5797): Illuminate\Foundation\Application->handle(Object(Illuminate\Http\Request), 1, true)
#13 C:\wamp64\www\crawler\bootstrap\compiled.php(6404): Illuminate\Session\Middleware->handle(Object(Illuminate\Http\Request), 1, true)
#14 C:\wamp64\www\crawler\bootstrap\compiled.php(6351): Illuminate\Cookie\Queue->handle(Object(Illuminate\Http\Request), 1, true)
#15 C:\wamp64\www\crawler\bootstrap\compiled.php(8367): Illuminate\Cookie\Guard->handle(Object(Illuminate\Http\Request), 1, true)
#16 C:\wamp64\www\crawler\bootstrap\compiled.php(639): Stack\StackedHttpKernel->handle(Object(Illuminate\Http\Request))
#17 C:\wamp64\www\crawler\public\index.php(49): Illuminate\Foundation\Application->run()
#18 {main} [] []
[2016-12-06 05:54:41] production.ERROR: exception 'Symfony\Component\Debug\Exception\FatalErrorException' with message 'syntax error, unexpected '*'' in C:\wamp64\www\crawler\app\controllers\CrawlerGDFController.php:49
Stack trace:
#0 [internal function]: Illuminate\Exception\Handler->handleShutdown()
#1 {main} [] []
[2016-12-06 05:55:53] production.ERROR: exception 'Symfony\Component\Debug\Exception\FatalErrorException' with message 'syntax error, unexpected end of file, expecting function (T_FUNCTION)' in C:\wamp64\www\crawler\app\controllers\CrawlerGDFController.php:64
Stack trace:
#0 [internal function]: Illuminate\Exception\Handler->handleShutdown()
#1 {main} [] []
[2016-12-06 05:58:53] production.ERROR: exception 'Symfony\Component\Debug\Exception\FatalErrorException' with message 'syntax error, unexpected '*'' in C:\wamp64\www\crawler\app\controllers\CrawlerGDFController.php:50
Stack trace:
#0 [internal function]: Illuminate\Exception\Handler->handleShutdown()
#1 {main} [] []
[2016-12-06 05:59:00] production.ERROR: exception 'ErrorException' with message 'Undefined property: DOMNodeList::$NodeValue' in C:\wamp64\www\crawler\app\controllers\CrawlerGDFController.php:48
Stack trace:
#0 C:\wamp64\www\crawler\app\controllers\CrawlerGDFController.php(48): Illuminate\Exception\Handler->handleError(8, 'Undefined prope...', 'C:\\wamp64\\www\\c...', 48, Array)
#1 [internal function]: CrawlerGDFController->crawl()
#2 C:\wamp64\www\crawler\vendor\laravel\framework\src\Illuminate\Routing\Controller.php(231): call_user_func_array(Array, Array)
#3 C:\wamp64\www\crawler\bootstrap\compiled.php(3819): Illuminate\Routing\Controller->callAction('crawl', Array)
#4 C:\wamp64\www\crawler\bootstrap\compiled.php(3807): Illuminate\Routing\ControllerDispatcher->call(Object(CrawlerGDFController), Object(Illuminate\Routing\Route), 'crawl')
#5 C:\wamp64\www\crawler\bootstrap\compiled.php(3012): Illuminate\Routing\ControllerDispatcher->dispatch(Object(Illuminate\Routing\Route), Object(Illuminate\Http\Request), 'CrawlerGDFContr...', 'crawl')
#6 [internal function]: Illuminate\Routing\Router->Illuminate\Routing\{closure}()
#7 C:\wamp64\www\crawler\bootstrap\compiled.php(3370): call_user_func_array(Object(Closure), Array)
#8 C:\wamp64\www\crawler\bootstrap\compiled.php(3037): Illuminate\Routing\Route->run(Object(Illuminate\Http\Request))
#9 C:\wamp64\www\crawler\bootstrap\compiled.php(3025): Illuminate\Routing\Router->dispatchToRoute(Object(Illuminate\Http\Request))
#10 C:\wamp64\www\crawler\bootstrap\compiled.php(702): Illuminate\Routing\Router->dispatch(Object(Illuminate\Http\Request))
#11 C:\wamp64\www\crawler\bootstrap\compiled.php(678): Illuminate\Foundation\Application->dispatch(Object(Illuminate\Http\Request))
#12 C:\wamp64\www\crawler\bootstrap\compiled.php(5797): Illuminate\Foundation\Application->handle(Object(Illuminate\Http\Request), 1, true)
#13 C:\wamp64\www\crawler\bootstrap\compiled.php(6404): Illuminate\Session\Middleware->handle(Object(Illuminate\Http\Request), 1, true)
#14 C:\wamp64\www\crawler\bootstrap\compiled.php(6351): Illuminate\Cookie\Queue->handle(Object(Illuminate\Http\Request), 1, true)
#15 C:\wamp64\www\crawler\bootstrap\compiled.php(8367): Illuminate\Cookie\Guard->handle(Object(Illuminate\Http\Request), 1, true)
#16 C:\wamp64\www\crawler\bootstrap\compiled.php(639): Stack\StackedHttpKernel->handle(Object(Illuminate\Http\Request))
#17 C:\wamp64\www\crawler\public\index.php(49): Illuminate\Foundation\Application->run()
#18 {main} [] []
[2016-12-06 05:59:48] production.ERROR: exception 'ErrorException' with message 'Undefined property: DOMNodeList::$NodeValue' in C:\wamp64\www\crawler\app\controllers\CrawlerGDFController.php:48
Stack trace:
#0 C:\wamp64\www\crawler\app\controllers\CrawlerGDFController.php(48): Illuminate\Exception\Handler->handleError(8, 'Undefined prope...', 'C:\\wamp64\\www\\c...', 48, Array)
#1 [internal function]: CrawlerGDFController->crawl()
#2 C:\wamp64\www\crawler\vendor\laravel\framework\src\Illuminate\Routing\Controller.php(231): call_user_func_array(Array, Array)
#3 C:\wamp64\www\crawler\bootstrap\compiled.php(3819): Illuminate\Routing\Controller->callAction('crawl', Array)
#4 C:\wamp64\www\crawler\bootstrap\compiled.php(3807): Illuminate\Routing\ControllerDispatcher->call(Object(CrawlerGDFController), Object(Illuminate\Routing\Route), 'crawl')
#5 C:\wamp64\www\crawler\bootstrap\compiled.php(3012): Illuminate\Routing\ControllerDispatcher->dispatch(Object(Illuminate\Routing\Route), Object(Illuminate\Http\Request), 'CrawlerGDFContr...', 'crawl')
#6 [internal function]: Illuminate\Routing\Router->Illuminate\Routing\{closure}()
#7 C:\wamp64\www\crawler\bootstrap\compiled.php(3370): call_user_func_array(Object(Closure), Array)
#8 C:\wamp64\www\crawler\bootstrap\compiled.php(3037): Illuminate\Routing\Route->run(Object(Illuminate\Http\Request))
#9 C:\wamp64\www\crawler\bootstrap\compiled.php(3025): Illuminate\Routing\Router->dispatchToRoute(Object(Illuminate\Http\Request))
#10 C:\wamp64\www\crawler\bootstrap\compiled.php(702): Illuminate\Routing\Router->dispatch(Object(Illuminate\Http\Request))
#11 C:\wamp64\www\crawler\bootstrap\compiled.php(678): Illuminate\Foundation\Application->dispatch(Object(Illuminate\Http\Request))
#12 C:\wamp64\www\crawler\bootstrap\compiled.php(5797): Illuminate\Foundation\Application->handle(Object(Illuminate\Http\Request), 1, true)
#13 C:\wamp64\www\crawler\bootstrap\compiled.php(6404): Illuminate\Session\Middleware->handle(Object(Illuminate\Http\Request), 1, true)
#14 C:\wamp64\www\crawler\bootstrap\compiled.php(6351): Illuminate\Cookie\Queue->handle(Object(Illuminate\Http\Request), 1, true)
#15 C:\wamp64\www\crawler\bootstrap\compiled.php(8367): Illuminate\Cookie\Guard->handle(Object(Illuminate\Http\Request), 1, true)
#16 C:\wamp64\www\crawler\bootstrap\compiled.php(639): Stack\StackedHttpKernel->handle(Object(Illuminate\Http\Request))
#17 C:\wamp64\www\crawler\public\index.php(49): Illuminate\Foundation\Application->run()
#18 {main} [] []
[2016-12-06 06:00:09] production.ERROR: exception 'ErrorException' with message 'Undefined property: DOMElement::$NodeValue' in C:\wamp64\www\crawler\app\controllers\CrawlerGDFController.php:48
Stack trace:
#0 C:\wamp64\www\crawler\app\controllers\CrawlerGDFController.php(48): Illuminate\Exception\Handler->handleError(8, 'Undefined prope...', 'C:\\wamp64\\www\\c...', 48, Array)
#1 [internal function]: CrawlerGDFController->crawl()
#2 C:\wamp64\www\crawler\vendor\laravel\framework\src\Illuminate\Routing\Controller.php(231): call_user_func_array(Array, Array)
#3 C:\wamp64\www\crawler\bootstrap\compiled.php(3819): Illuminate\Routing\Controller->callAction('crawl', Array)
#4 C:\wamp64\www\crawler\bootstrap\compiled.php(3807): Illuminate\Routing\ControllerDispatcher->call(Object(CrawlerGDFController), Object(Illuminate\Routing\Route), 'crawl')
#5 C:\wamp64\www\crawler\bootstrap\compiled.php(3012): Illuminate\Routing\ControllerDispatcher->dispatch(Object(Illuminate\Routing\Route), Object(Illuminate\Http\Request), 'CrawlerGDFContr...', 'crawl')
#6 [internal function]: Illuminate\Routing\Router->Illuminate\Routing\{closure}()
#7 C:\wamp64\www\crawler\bootstrap\compiled.php(3370): call_user_func_array(Object(Closure), Array)
#8 C:\wamp64\www\crawler\bootstrap\compiled.php(3037): Illuminate\Routing\Route->run(Object(Illuminate\Http\Request))
#9 C:\wamp64\www\crawler\bootstrap\compiled.php(3025): Illuminate\Routing\Router->dispatchToRoute(Object(Illuminate\Http\Request))
#10 C:\wamp64\www\crawler\bootstrap\compiled.php(702): Illuminate\Routing\Router->dispatch(Object(Illuminate\Http\Request))
#11 C:\wamp64\www\crawler\bootstrap\compiled.php(678): Illuminate\Foundation\Application->dispatch(Object(Illuminate\Http\Request))
#12 C:\wamp64\www\crawler\bootstrap\compiled.php(5797): Illuminate\Foundation\Application->handle(Object(Illuminate\Http\Request), 1, true)
#13 C:\wamp64\www\crawler\bootstrap\compiled.php(6404): Illuminate\Session\Middleware->handle(Object(Illuminate\Http\Request), 1, true)
#14 C:\wamp64\www\crawler\bootstrap\compiled.php(6351): Illuminate\Cookie\Queue->handle(Object(Illuminate\Http\Request), 1, true)
#15 C:\wamp64\www\crawler\bootstrap\compiled.php(8367): Illuminate\Cookie\Guard->handle(Object(Illuminate\Http\Request), 1, true)
#16 C:\wamp64\www\crawler\bootstrap\compiled.php(639): Stack\StackedHttpKernel->handle(Object(Illuminate\Http\Request))
#17 C:\wamp64\www\crawler\public\index.php(49): Illuminate\Foundation\Application->run()
#18 {main} [] []
[2016-12-06 06:13:58] production.ERROR: exception 'Symfony\Component\Debug\Exception\FatalErrorException' with message 'syntax error, unexpected '$documentNodes' (T_VARIABLE)' in C:\wamp64\www\crawler\app\controllers\CrawlerGDFController.php:56
Stack trace:
#0 [internal function]: Illuminate\Exception\Handler->handleShutdown()
#1 {main} [] []
[2016-12-06 06:14:34] production.ERROR: exception 'Symfony\Component\Debug\Exception\FatalErrorException' with message 'Call to undefined method DOMElement::query()' in C:\wamp64\www\crawler\app\controllers\CrawlerGDFController.php:56
Stack trace:
#0 [internal function]: Illuminate\Exception\Handler->handleShutdown()
#1 {main} [] []
[2016-12-06 06:29:52] production.ERROR: exception 'ErrorException' with message 'Undefined variable: documentNodes' in C:\wamp64\www\crawler\app\controllers\CrawlerGDFController.php:54
Stack trace:
#0 C:\wamp64\www\crawler\app\controllers\CrawlerGDFController.php(54): Illuminate\Exception\Handler->handleError(8, 'Undefined varia...', 'C:\\wamp64\\www\\c...', 54, Array)
#1 [internal function]: CrawlerGDFController->crawl()
#2 C:\wamp64\www\crawler\vendor\laravel\framework\src\Illuminate\Routing\Controller.php(231): call_user_func_array(Array, Array)
#3 C:\wamp64\www\crawler\bootstrap\compiled.php(3819): Illuminate\Routing\Controller->callAction('crawl', Array)
#4 C:\wamp64\www\crawler\bootstrap\compiled.php(3807): Illuminate\Routing\ControllerDispatcher->call(Object(CrawlerGDFController), Object(Illuminate\Routing\Route), 'crawl')
#5 C:\wamp64\www\crawler\bootstrap\compiled.php(3012): Illuminate\Routing\ControllerDispatcher->dispatch(Object(Illuminate\Routing\Route), Object(Illuminate\Http\Request), 'CrawlerGDFContr...', 'crawl')
#6 [internal function]: Illuminate\Routing\Router->Illuminate\Routing\{closure}()
#7 C:\wamp64\www\crawler\bootstrap\compiled.php(3370): call_user_func_array(Object(Closure), Array)
#8 C:\wamp64\www\crawler\bootstrap\compiled.php(3037): Illuminate\Routing\Route->run(Object(Illuminate\Http\Request))
#9 C:\wamp64\www\crawler\bootstrap\compiled.php(3025): Illuminate\Routing\Router->dispatchToRoute(Object(Illuminate\Http\Request))
#10 C:\wamp64\www\crawler\bootstrap\compiled.php(702): Illuminate\Routing\Router->dispatch(Object(Illuminate\Http\Request))
#11 C:\wamp64\www\crawler\bootstrap\compiled.php(678): Illuminate\Foundation\Application->dispatch(Object(Illuminate\Http\Request))
#12 C:\wamp64\www\crawler\bootstrap\compiled.php(5797): Illuminate\Foundation\Application->handle(Object(Illuminate\Http\Request), 1, true)
#13 C:\wamp64\www\crawler\bootstrap\compiled.php(6404): Illuminate\Session\Middleware->handle(Object(Illuminate\Http\Request), 1, true)
#14 C:\wamp64\www\crawler\bootstrap\compiled.php(6351): Illuminate\Cookie\Queue->handle(Object(Illuminate\Http\Request), 1, true)
#15 C:\wamp64\www\crawler\bootstrap\compiled.php(8367): Illuminate\Cookie\Guard->handle(Object(Illuminate\Http\Request), 1, true)
#16 C:\wamp64\www\crawler\bootstrap\compiled.php(639): Stack\StackedHttpKernel->handle(Object(Illuminate\Http\Request))
#17 C:\wamp64\www\crawler\public\index.php(49): Illuminate\Foundation\Application->run()
#18 {main} [] []
[2016-12-06 06:52:30] production.ERROR: exception 'ErrorException' with message 'Undefined property: DOMNodeList::$nodeValue' in C:\wamp64\www\crawler\app\controllers\CrawlerGDFController.php:53
Stack trace:
#0 C:\wamp64\www\crawler\app\controllers\CrawlerGDFController.php(53): Illuminate\Exception\Handler->handleError(8, 'Undefined prope...', 'C:\\wamp64\\www\\c...', 53, Array)
#1 [internal function]: CrawlerGDFController->crawl()
#2 C:\wamp64\www\crawler\vendor\laravel\framework\src\Illuminate\Routing\Controller.php(231): call_user_func_array(Array, Array)
#3 C:\wamp64\www\crawler\bootstrap\compiled.php(3819): Illuminate\Routing\Controller->callAction('crawl', Array)
#4 C:\wamp64\www\crawler\bootstrap\compiled.php(3807): Illuminate\Routing\ControllerDispatcher->call(Object(CrawlerGDFController), Object(Illuminate\Routing\Route), 'crawl')
#5 C:\wamp64\www\crawler\bootstrap\compiled.php(3012): Illuminate\Routing\ControllerDispatcher->dispatch(Object(Illuminate\Routing\Route), Object(Illuminate\Http\Request), 'CrawlerGDFContr...', 'crawl')
#6 [internal function]: Illuminate\Routing\Router->Illuminate\Routing\{closure}()
#7 C:\wamp64\www\crawler\bootstrap\compiled.php(3370): call_user_func_array(Object(Closure), Array)
#8 C:\wamp64\www\crawler\bootstrap\compiled.php(3037): Illuminate\Routing\Route->run(Object(Illuminate\Http\Request))
#9 C:\wamp64\www\crawler\bootstrap\compiled.php(3025): Illuminate\Routing\Router->dispatchToRoute(Object(Illuminate\Http\Request))
#10 C:\wamp64\www\crawler\bootstrap\compiled.php(702): Illuminate\Routing\Router->dispatch(Object(Illuminate\Http\Request))
#11 C:\wamp64\www\crawler\bootstrap\compiled.php(678): Illuminate\Foundation\Application->dispatch(Object(Illuminate\Http\Request))
#12 C:\wamp64\www\crawler\bootstrap\compiled.php(5797): Illuminate\Foundation\Application->handle(Object(Illuminate\Http\Request), 1, true)
#13 C:\wamp64\www\crawler\bootstrap\compiled.php(6404): Illuminate\Session\Middleware->handle(Object(Illuminate\Http\Request), 1, true)
#14 C:\wamp64\www\crawler\bootstrap\compiled.php(6351): Illuminate\Cookie\Queue->handle(Object(Illuminate\Http\Request), 1, true)
#15 C:\wamp64\www\crawler\bootstrap\compiled.php(8367): Illuminate\Cookie\Guard->handle(Object(Illuminate\Http\Request), 1, true)
#16 C:\wamp64\www\crawler\bootstrap\compiled.php(639): Stack\StackedHttpKernel->handle(Object(Illuminate\Http\Request))
#17 C:\wamp64\www\crawler\public\index.php(49): Illuminate\Foundation\Application->run()
#18 {main} [] []
[2016-12-06 06:53:11] production.ERROR: exception 'ErrorException' with message 'Undefined property: DOMNodeList::$hasChildNodes' in C:\wamp64\www\crawler\app\controllers\CrawlerGDFController.php:53
Stack trace:
#0 C:\wamp64\www\crawler\app\controllers\CrawlerGDFController.php(53): Illuminate\Exception\Handler->handleError(8, 'Undefined prope...', 'C:\\wamp64\\www\\c...', 53, Array)
#1 [internal function]: CrawlerGDFController->crawl()
#2 C:\wamp64\www\crawler\vendor\laravel\framework\src\Illuminate\Routing\Controller.php(231): call_user_func_array(Array, Array)
#3 C:\wamp64\www\crawler\bootstrap\compiled.php(3819): Illuminate\Routing\Controller->callAction('crawl', Array)
#4 C:\wamp64\www\crawler\bootstrap\compiled.php(3807): Illuminate\Routing\ControllerDispatcher->call(Object(CrawlerGDFController), Object(Illuminate\Routing\Route), 'crawl')
#5 C:\wamp64\www\crawler\bootstrap\compiled.php(3012): Illuminate\Routing\ControllerDispatcher->dispatch(Object(Illuminate\Routing\Route), Object(Illuminate\Http\Request), 'CrawlerGDFContr...', 'crawl')
#6 [internal function]: Illuminate\Routing\Router->Illuminate\Routing\{closure}()
#7 C:\wamp64\www\crawler\bootstrap\compiled.php(3370): call_user_func_array(Object(Closure), Array)
#8 C:\wamp64\www\crawler\bootstrap\compiled.php(3037): Illuminate\Routing\Route->run(Object(Illuminate\Http\Request))
#9 C:\wamp64\www\crawler\bootstrap\compiled.php(3025): Illuminate\Routing\Router->dispatchToRoute(Object(Illuminate\Http\Request))
#10 C:\wamp64\www\crawler\bootstrap\compiled.php(702): Illuminate\Routing\Router->dispatch(Object(Illuminate\Http\Request))
#11 C:\wamp64\www\crawler\bootstrap\compiled.php(678): Illuminate\Foundation\Application->dispatch(Object(Illuminate\Http\Request))
#12 C:\wamp64\www\crawler\bootstrap\compiled.php(5797): Illuminate\Foundation\Application->handle(Object(Illuminate\Http\Request), 1, true)
#13 C:\wamp64\www\crawler\bootstrap\compiled.php(6404): Illuminate\Session\Middleware->handle(Object(Illuminate\Http\Request), 1, true)
#14 C:\wamp64\www\crawler\bootstrap\compiled.php(6351): Illuminate\Cookie\Queue->handle(Object(Illuminate\Http\Request), 1, true)
#15 C:\wamp64\www\crawler\bootstrap\compiled.php(8367): Illuminate\Cookie\Guard->handle(Object(Illuminate\Http\Request), 1, true)
#16 C:\wamp64\www\crawler\bootstrap\compiled.php(639): Stack\StackedHttpKernel->handle(Object(Illuminate\Http\Request))
#17 C:\wamp64\www\crawler\public\index.php(49): Illuminate\Foundation\Application->run()
#18 {main} [] []
[2016-12-06 06:53:16] production.ERROR: exception 'Symfony\Component\Debug\Exception\FatalErrorException' with message 'Call to undefined method DOMNodeList::hasChildNodes()' in C:\wamp64\www\crawler\app\controllers\CrawlerGDFController.php:53
Stack trace:
#0 [internal function]: Illuminate\Exception\Handler->handleShutdown()
#1 {main} [] []
[2016-12-06 06:53:52] production.ERROR: exception 'Symfony\Component\Debug\Exception\FatalErrorException' with message 'Call to undefined method DOMNodeList::length()' in C:\wamp64\www\crawler\app\controllers\CrawlerGDFController.php:53
Stack trace:
#0 [internal function]: Illuminate\Exception\Handler->handleShutdown()
#1 {main} [] []
[2016-12-06 06:59:28] production.ERROR: exception 'ErrorException' with message 'Undefined variable: doc' in C:\wamp64\www\crawler\app\controllers\CrawlerGDFController.php:52
Stack trace:
#0 C:\wamp64\www\crawler\app\controllers\CrawlerGDFController.php(52): Illuminate\Exception\Handler->handleError(8, 'Undefined varia...', 'C:\\wamp64\\www\\c...', 52, Array)
#1 [internal function]: CrawlerGDFController->crawl()
#2 C:\wamp64\www\crawler\vendor\laravel\framework\src\Illuminate\Routing\Controller.php(231): call_user_func_array(Array, Array)
#3 C:\wamp64\www\crawler\bootstrap\compiled.php(3819): Illuminate\Routing\Controller->callAction('crawl', Array)
#4 C:\wamp64\www\crawler\bootstrap\compiled.php(3807): Illuminate\Routing\ControllerDispatcher->call(Object(CrawlerGDFController), Object(Illuminate\Routing\Route), 'crawl')
#5 C:\wamp64\www\crawler\bootstrap\compiled.php(3012): Illuminate\Routing\ControllerDispatcher->dispatch(Object(Illuminate\Routing\Route), Object(Illuminate\Http\Request), 'CrawlerGDFContr...', 'crawl')
#6 [internal function]: Illuminate\Routing\Router->Illuminate\Routing\{closure}()
#7 C:\wamp64\www\crawler\bootstrap\compiled.php(3370): call_user_func_array(Object(Closure), Array)
#8 C:\wamp64\www\crawler\bootstrap\compiled.php(3037): Illuminate\Routing\Route->run(Object(Illuminate\Http\Request))
#9 C:\wamp64\www\crawler\bootstrap\compiled.php(3025): Illuminate\Routing\Router->dispatchToRoute(Object(Illuminate\Http\Request))
#10 C:\wamp64\www\crawler\bootstrap\compiled.php(702): Illuminate\Routing\Router->dispatch(Object(Illuminate\Http\Request))
#11 C:\wamp64\www\crawler\bootstrap\compiled.php(678): Illuminate\Foundation\Application->dispatch(Object(Illuminate\Http\Request))
#12 C:\wamp64\www\crawler\bootstrap\compiled.php(5797): Illuminate\Foundation\Application->handle(Object(Illuminate\Http\Request), 1, true)
#13 C:\wamp64\www\crawler\bootstrap\compiled.php(6404): Illuminate\Session\Middleware->handle(Object(Illuminate\Http\Request), 1, true)
#14 C:\wamp64\www\crawler\bootstrap\compiled.php(6351): Illuminate\Cookie\Queue->handle(Object(Illuminate\Http\Request), 1, true)
#15 C:\wamp64\www\crawler\bootstrap\compiled.php(8367): Illuminate\Cookie\Guard->handle(Object(Illuminate\Http\Request), 1, true)
#16 C:\wamp64\www\crawler\bootstrap\compiled.php(639): Stack\StackedHttpKernel->handle(Object(Illuminate\Http\Request))
#17 C:\wamp64\www\crawler\public\index.php(49): Illuminate\Foundation\Application->run()
#18 {main} [] []
[2016-12-06 07:01:28] production.ERROR: exception 'ErrorException' with message 'Object of class DOMElement could not be converted to string' in C:\wamp64\www\crawler\app\controllers\CrawlerGDFController.php:57
Stack trace:
#0 C:\wamp64\www\crawler\app\controllers\CrawlerGDFController.php(57): Illuminate\Exception\Handler->handleError(4096, 'Object of class...', 'C:\\wamp64\\www\\c...', 57, Array)
#1 [internal function]: CrawlerGDFController->crawl()
#2 C:\wamp64\www\crawler\vendor\laravel\framework\src\Illuminate\Routing\Controller.php(231): call_user_func_array(Array, Array)
#3 C:\wamp64\www\crawler\bootstrap\compiled.php(3819): Illuminate\Routing\Controller->callAction('crawl', Array)
#4 C:\wamp64\www\crawler\bootstrap\compiled.php(3807): Illuminate\Routing\ControllerDispatcher->call(Object(CrawlerGDFController), Object(Illuminate\Routing\Route), 'crawl')
#5 C:\wamp64\www\crawler\bootstrap\compiled.php(3012): Illuminate\Routing\ControllerDispatcher->dispatch(Object(Illuminate\Routing\Route), Object(Illuminate\Http\Request), 'CrawlerGDFContr...', 'crawl')
#6 [internal function]: Illuminate\Routing\Router->Illuminate\Routing\{closure}()
#7 C:\wamp64\www\crawler\bootstrap\compiled.php(3370): call_user_func_array(Object(Closure), Array)
#8 C:\wamp64\www\crawler\bootstrap\compiled.php(3037): Illuminate\Routing\Route->run(Object(Illuminate\Http\Request))
#9 C:\wamp64\www\crawler\bootstrap\compiled.php(3025): Illuminate\Routing\Router->dispatchToRoute(Object(Illuminate\Http\Request))
#10 C:\wamp64\www\crawler\bootstrap\compiled.php(702): Illuminate\Routing\Router->dispatch(Object(Illuminate\Http\Request))
#11 C:\wamp64\www\crawler\bootstrap\compiled.php(678): Illuminate\Foundation\Application->dispatch(Object(Illuminate\Http\Request))
#12 C:\wamp64\www\crawler\bootstrap\compiled.php(5797): Illuminate\Foundation\Application->handle(Object(Illuminate\Http\Request), 1, true)
#13 C:\wamp64\www\crawler\bootstrap\compiled.php(6404): Illuminate\Session\Middleware->handle(Object(Illuminate\Http\Request), 1, true)
#14 C:\wamp64\www\crawler\bootstrap\compiled.php(6351): Illuminate\Cookie\Queue->handle(Object(Illuminate\Http\Request), 1, true)
#15 C:\wamp64\www\crawler\bootstrap\compiled.php(8367): Illuminate\Cookie\Guard->handle(Object(Illuminate\Http\Request), 1, true)
#16 C:\wamp64\www\crawler\bootstrap\compiled.php(639): Stack\StackedHttpKernel->handle(Object(Illuminate\Http\Request))
#17 C:\wamp64\www\crawler\public\index.php(49): Illuminate\Foundation\Application->run()
#18 {main} [] []
[2016-12-06 07:06:45] production.ERROR: exception 'ErrorException' with message 'Missing argument 3 for app\models\GDFBidding::__construct(), called in C:\wamp64\www\crawler\app\controllers\CrawlerGDFController.php on line 63 and defined' in C:\wamp64\www\crawler\app\models\GDFBidding.php:13
Stack trace:
#0 C:\wamp64\www\crawler\app\models\GDFBidding.php(13): Illuminate\Exception\Handler->handleError(2, 'Missing argumen...', 'C:\\wamp64\\www\\c...', 13, Array)
#1 C:\wamp64\www\crawler\app\controllers\CrawlerGDFController.php(63): app\models\GDFBidding->__construct('\r\n\t\t\t\t\xC2\xA0PE085/1...', 'https://www.com...')
#2 [internal function]: CrawlerGDFController->crawl()
#3 C:\wamp64\www\crawler\vendor\laravel\framework\src\Illuminate\Routing\Controller.php(231): call_user_func_array(Array, Array)
#4 C:\wamp64\www\crawler\bootstrap\compiled.php(3819): Illuminate\Routing\Controller->callAction('crawl', Array)
#5 C:\wamp64\www\crawler\bootstrap\compiled.php(3807): Illuminate\Routing\ControllerDispatcher->call(Object(CrawlerGDFController), Object(Illuminate\Routing\Route), 'crawl')
#6 C:\wamp64\www\crawler\bootstrap\compiled.php(3012): Illuminate\Routing\ControllerDispatcher->dispatch(Object(Illuminate\Routing\Route), Object(Illuminate\Http\Request), 'CrawlerGDFContr...', 'crawl')
#7 [internal function]: Illuminate\Routing\Router->Illuminate\Routing\{closure}()
#8 C:\wamp64\www\crawler\bootstrap\compiled.php(3370): call_user_func_array(Object(Closure), Array)
#9 C:\wamp64\www\crawler\bootstrap\compiled.php(3037): Illuminate\Routing\Route->run(Object(Illuminate\Http\Request))
#10 C:\wamp64\www\crawler\bootstrap\compiled.php(3025): Illuminate\Routing\Router->dispatchToRoute(Object(Illuminate\Http\Request))
#11 C:\wamp64\www\crawler\bootstrap\compiled.php(702): Illuminate\Routing\Router->dispatch(Object(Illuminate\Http\Request))
#12 C:\wamp64\www\crawler\bootstrap\compiled.php(678): Illuminate\Foundation\Application->dispatch(Object(Illuminate\Http\Request))
#13 C:\wamp64\www\crawler\bootstrap\compiled.php(5797): Illuminate\Foundation\Application->handle(Object(Illuminate\Http\Request), 1, true)
#14 C:\wamp64\www\crawler\bootstrap\compiled.php(6404): Illuminate\Session\Middleware->handle(Object(Illuminate\Http\Request), 1, true)
#15 C:\wamp64\www\crawler\bootstrap\compiled.php(6351): Illuminate\Cookie\Queue->handle(Object(Illuminate\Http\Request), 1, true)
#16 C:\wamp64\www\crawler\bootstrap\compiled.php(8367): Illuminate\Cookie\Guard->handle(Object(Illuminate\Http\Request), 1, true)
#17 C:\wamp64\www\crawler\bootstrap\compiled.php(639): Stack\StackedHttpKernel->handle(Object(Illuminate\Http\Request))
#18 C:\wamp64\www\crawler\public\index.php(49): Illuminate\Foundation\Application->run()
#19 {main} [] []
[2016-12-06 07:11:44] production.ERROR: exception 'Symfony\Component\Debug\Exception\FatalErrorException' with message 'Call to undefined method app\models\GDFBidding::getRegistrationDate()' in C:\wamp64\www\crawler\app\views\gdfCrawler.php:10
Stack trace:
#0 [internal function]: Illuminate\Exception\Handler->handleShutdown()
#1 {main} [] []
